<?xml version="1.0" encoding="UTF-8"?>
<Site BuildName="(empty)"
	BuildStamp="20220324-1337-Experimental"
	Name="(empty)"
	Generator="ctest-3.22.3"
	CompilerName=""
	CompilerVersion=""
	OSName="Linux"
	Hostname="molleja"
	OSRelease="5.16.14-arch1-1"
	OSVersion="#1 SMP PREEMPT Fri, 11 Mar 2022 17:40:36 +0000"
	OSPlatform="x86_64"
	Is64Bits="1"
	VendorString="AuthenticAMD"
	VendorID="Advanced Micro Devices"
	FamilyID="23"
	ModelID="113"
	ProcessorCacheSize="512"
	NumberOfLogicalCPU="12"
	NumberOfPhysicalCPU="6"
	TotalVirtualMemory="16383"
	TotalPhysicalMemory="16002"
	LogicalProcessorsPerPhysical="2"
	ProcessorClockFrequency="2200"
	>
	<Testing>
		<StartDateTime>Mar 24 10:37 -03</StartDateTime>
		<StartTestTime>1648129048</StartTestTime>
		<TestList/>
		<EndDateTime>Mar 24 10:37 -03</EndDateTime>
		<EndTestTime>1648129048</EndTestTime>
		<ElapsedMinutes>0</ElapsedMinutes>
	</Testing>
</Site>
